<?xml version="1.0" encoding="UTF-8"?>
<!-- Generated by org.testng.reporters.JUnitXMLReporter -->
<testsuite ignored="1" hostname="DESKTOP-6OC4MF1" failures="0" tests="1" name="Default test" time="22.281" errors="0" timestamp="2023-08-08T19:25:15 WAT">
  <testcase classname="com.Automedsys.testcases.LoginPageTest" name="Login" time="0.662"/>
  <testcase classname="com.Automedsys.testcases.LoginPageTest" name="verifyLogo" time="0.0">
    <ignored/>
  </testcase> <!-- verifyLogo -->
</testsuite> <!-- Default test -->
