<?xml version="1.0" encoding="UTF-8"?>
<testng-results ignored="0" total="2" passed="2" failed="0" skipped="0">
  <reporter-output>
  </reporter-output>
  <suite started-at="2023-08-10T17:28:35 WAT" name="Default suite" finished-at="2023-08-10T17:29:07 WAT" duration-ms="31322">
    <groups>
    </groups>
    <test started-at="2023-08-10T17:28:35 WAT" name="Default test" finished-at="2023-08-10T17:29:07 WAT" duration-ms="31322">
      <class name="com.Automedsys.testcases.LoginPageTest">
        <test-method is-config="true" signature="setup()[pri:0, instance:com.Automedsys.testcases.LoginPageTest@76505305]" started-at="2023-08-10T17:28:36 WAT" name="setup" finished-at="2023-08-10T17:28:54 WAT" duration-ms="18877" status="PASS">
          <reporter-output>
          </reporter-output>
        </test-method> <!-- setup -->
        <test-method signature="Login()[pri:0, instance:com.Automedsys.testcases.LoginPageTest@76505305]" started-at="2023-08-10T17:28:54 WAT" name="Login" finished-at="2023-08-10T17:28:55 WAT" duration-ms="537" status="PASS">
          <reporter-output>
          </reporter-output>
        </test-method> <!-- Login -->
        <test-method is-config="true" signature="tearDown()[pri:0, instance:com.Automedsys.testcases.LoginPageTest@76505305]" started-at="2023-08-10T17:28:55 WAT" name="tearDown" finished-at="2023-08-10T17:28:55 WAT" duration-ms="126" status="PASS">
          <reporter-output>
          </reporter-output>
        </test-method> <!-- tearDown -->
        <test-method is-config="true" signature="setup()[pri:0, instance:com.Automedsys.testcases.LoginPageTest@76505305]" started-at="2023-08-10T17:28:55 WAT" name="setup" finished-at="2023-08-10T17:29:07 WAT" duration-ms="11547" status="PASS">
          <reporter-output>
          </reporter-output>
        </test-method> <!-- setup -->
        <test-method signature="verifyLogo()[pri:0, instance:com.Automedsys.testcases.LoginPageTest@76505305]" started-at="2023-08-10T17:29:07 WAT" name="verifyLogo" finished-at="2023-08-10T17:29:07 WAT" duration-ms="62" status="PASS">
          <reporter-output>
          </reporter-output>
        </test-method> <!-- verifyLogo -->
        <test-method is-config="true" signature="tearDown()[pri:0, instance:com.Automedsys.testcases.LoginPageTest@76505305]" started-at="2023-08-10T17:29:07 WAT" name="tearDown" finished-at="2023-08-10T17:29:07 WAT" duration-ms="128" status="PASS">
          <reporter-output>
          </reporter-output>
        </test-method> <!-- tearDown -->
      </class> <!-- com.Automedsys.testcases.LoginPageTest -->
    </test> <!-- Default test -->
  </suite> <!-- Default suite -->
</testng-results>
